                                      1 ;--------------------------------------------------------
                                      2 ; File Created by SDCC : free open source ANSI-C Compiler
                                      3 ; Version 3.5.0 #9253 (Apr  3 2018) (Linux)
                                      4 ; This file was generated Fri Sep 20 09:49:49 2019
                                      5 ;--------------------------------------------------------
                                      6 	.module stm8s_exti
                                      7 	.optsdcc -mstm8
                                      8 	
                                      9 ;--------------------------------------------------------
                                     10 ; Public variables in this module
                                     11 ;--------------------------------------------------------
                                     12 	.globl _EXTI_DeInit
                                     13 	.globl _EXTI_SetExtIntSensitivity
                                     14 	.globl _EXTI_SetTLISensitivity
                                     15 	.globl _EXTI_GetExtIntSensitivity
                                     16 	.globl _EXTI_GetTLISensitivity
                                     17 ;--------------------------------------------------------
                                     18 ; ram data
                                     19 ;--------------------------------------------------------
                                     20 	.area DATA
                                     21 ;--------------------------------------------------------
                                     22 ; ram data
                                     23 ;--------------------------------------------------------
                                     24 	.area INITIALIZED
                                     25 ;--------------------------------------------------------
                                     26 ; absolute external ram data
                                     27 ;--------------------------------------------------------
                                     28 	.area DABS (ABS)
                                     29 ;--------------------------------------------------------
                                     30 ; global & static initialisations
                                     31 ;--------------------------------------------------------
                                     32 	.area HOME
                                     33 	.area GSINIT
                                     34 	.area GSFINAL
                                     35 	.area GSINIT
                                     36 ;--------------------------------------------------------
                                     37 ; Home
                                     38 ;--------------------------------------------------------
                                     39 	.area HOME
                                     40 	.area HOME
                                     41 ;--------------------------------------------------------
                                     42 ; code
                                     43 ;--------------------------------------------------------
                                     44 	.area CODE
                                     45 ;	libstm8s/src/stm8s_exti.c: 53: void EXTI_DeInit(void)
                                     46 ;	-----------------------------------------
                                     47 ;	 function EXTI_DeInit
                                     48 ;	-----------------------------------------
      000000                         49 _EXTI_DeInit:
                                     50 ;	libstm8s/src/stm8s_exti.c: 55: EXTI->CR1 = EXTI_CR1_RESET_VALUE;
      000000 35 00 50 A0      [ 1]   51 	mov	0x50a0+0, #0x00
                                     52 ;	libstm8s/src/stm8s_exti.c: 56: EXTI->CR2 = EXTI_CR2_RESET_VALUE;
      000004 35 00 50 A1      [ 1]   53 	mov	0x50a1+0, #0x00
      000008 81               [ 4]   54 	ret
                                     55 ;	libstm8s/src/stm8s_exti.c: 70: void EXTI_SetExtIntSensitivity(EXTI_Port_TypeDef Port, EXTI_Sensitivity_TypeDef SensitivityValue)
                                     56 ;	-----------------------------------------
                                     57 ;	 function EXTI_SetExtIntSensitivity
                                     58 ;	-----------------------------------------
      000009                         59 _EXTI_SetExtIntSensitivity:
      000009 52 03            [ 2]   60 	sub	sp, #3
                                     61 ;	libstm8s/src/stm8s_exti.c: 77: switch (Port)
      00000B 7B 06            [ 1]   62 	ld	a, (0x06, sp)
      00000D A1 04            [ 1]   63 	cp	a, #0x04
      00000F 23 03            [ 2]   64 	jrule	00114$
      000011 CCr00r9A         [ 2]   65 	jp	00108$
      000014                         66 00114$:
      000014 5F               [ 1]   67 	clrw	x
      000015 7B 06            [ 1]   68 	ld	a, (0x06, sp)
      000017 97               [ 1]   69 	ld	xl, a
      000018 58               [ 2]   70 	sllw	x
      000019 DEu00u1D         [ 2]   71 	ldw	x, (#00115$, x)
      00001C FC               [ 2]   72 	jp	(x)
      00001D                         73 00115$:
      00001Dr00r27                   74 	.dw	#00101$
      00001Fr00r3A                   75 	.dw	#00102$
      000021r00r53                   76 	.dw	#00103$
      000023r00r6D                   77 	.dw	#00104$
      000025r00r89                   78 	.dw	#00105$
                                     79 ;	libstm8s/src/stm8s_exti.c: 79: case EXTI_PORT_GPIOA:
      000027                         80 00101$:
                                     81 ;	libstm8s/src/stm8s_exti.c: 80: EXTI->CR1 &= (uint8_t)(~EXTI_CR1_PAIS);
      000027 AE 50 A0         [ 2]   82 	ldw	x, #0x50a0
      00002A F6               [ 1]   83 	ld	a, (x)
      00002B A4 FC            [ 1]   84 	and	a, #0xfc
      00002D F7               [ 1]   85 	ld	(x), a
                                     86 ;	libstm8s/src/stm8s_exti.c: 81: EXTI->CR1 |= (uint8_t)(SensitivityValue);
      00002E AE 50 A0         [ 2]   87 	ldw	x, #0x50a0
      000031 F6               [ 1]   88 	ld	a, (x)
      000032 1A 07            [ 1]   89 	or	a, (0x07, sp)
      000034 AE 50 A0         [ 2]   90 	ldw	x, #0x50a0
      000037 F7               [ 1]   91 	ld	(x), a
                                     92 ;	libstm8s/src/stm8s_exti.c: 82: break;
      000038 20 60            [ 2]   93 	jra	00108$
                                     94 ;	libstm8s/src/stm8s_exti.c: 83: case EXTI_PORT_GPIOB:
      00003A                         95 00102$:
                                     96 ;	libstm8s/src/stm8s_exti.c: 84: EXTI->CR1 &= (uint8_t)(~EXTI_CR1_PBIS);
      00003A AE 50 A0         [ 2]   97 	ldw	x, #0x50a0
      00003D F6               [ 1]   98 	ld	a, (x)
      00003E A4 F3            [ 1]   99 	and	a, #0xf3
      000040 F7               [ 1]  100 	ld	(x), a
                                    101 ;	libstm8s/src/stm8s_exti.c: 85: EXTI->CR1 |= (uint8_t)((uint8_t)(SensitivityValue) << 2);
      000041 AE 50 A0         [ 2]  102 	ldw	x, #0x50a0
      000044 F6               [ 1]  103 	ld	a, (x)
      000045 6B 01            [ 1]  104 	ld	(0x01, sp), a
      000047 7B 07            [ 1]  105 	ld	a, (0x07, sp)
      000049 48               [ 1]  106 	sll	a
      00004A 48               [ 1]  107 	sll	a
      00004B 1A 01            [ 1]  108 	or	a, (0x01, sp)
      00004D AE 50 A0         [ 2]  109 	ldw	x, #0x50a0
      000050 F7               [ 1]  110 	ld	(x), a
                                    111 ;	libstm8s/src/stm8s_exti.c: 86: break;
      000051 20 47            [ 2]  112 	jra	00108$
                                    113 ;	libstm8s/src/stm8s_exti.c: 87: case EXTI_PORT_GPIOC:
      000053                        114 00103$:
                                    115 ;	libstm8s/src/stm8s_exti.c: 88: EXTI->CR1 &= (uint8_t)(~EXTI_CR1_PCIS);
      000053 AE 50 A0         [ 2]  116 	ldw	x, #0x50a0
      000056 F6               [ 1]  117 	ld	a, (x)
      000057 A4 CF            [ 1]  118 	and	a, #0xcf
      000059 F7               [ 1]  119 	ld	(x), a
                                    120 ;	libstm8s/src/stm8s_exti.c: 89: EXTI->CR1 |= (uint8_t)((uint8_t)(SensitivityValue) << 4);
      00005A AE 50 A0         [ 2]  121 	ldw	x, #0x50a0
      00005D F6               [ 1]  122 	ld	a, (x)
      00005E 6B 02            [ 1]  123 	ld	(0x02, sp), a
      000060 7B 07            [ 1]  124 	ld	a, (0x07, sp)
      000062 4E               [ 1]  125 	swap	a
      000063 A4 F0            [ 1]  126 	and	a, #0xf0
      000065 1A 02            [ 1]  127 	or	a, (0x02, sp)
      000067 AE 50 A0         [ 2]  128 	ldw	x, #0x50a0
      00006A F7               [ 1]  129 	ld	(x), a
                                    130 ;	libstm8s/src/stm8s_exti.c: 90: break;
      00006B 20 2D            [ 2]  131 	jra	00108$
                                    132 ;	libstm8s/src/stm8s_exti.c: 91: case EXTI_PORT_GPIOD:
      00006D                        133 00104$:
                                    134 ;	libstm8s/src/stm8s_exti.c: 92: EXTI->CR1 &= (uint8_t)(~EXTI_CR1_PDIS);
      00006D AE 50 A0         [ 2]  135 	ldw	x, #0x50a0
      000070 F6               [ 1]  136 	ld	a, (x)
      000071 A4 3F            [ 1]  137 	and	a, #0x3f
      000073 F7               [ 1]  138 	ld	(x), a
                                    139 ;	libstm8s/src/stm8s_exti.c: 93: EXTI->CR1 |= (uint8_t)((uint8_t)(SensitivityValue) << 6);
      000074 AE 50 A0         [ 2]  140 	ldw	x, #0x50a0
      000077 F6               [ 1]  141 	ld	a, (x)
      000078 6B 03            [ 1]  142 	ld	(0x03, sp), a
      00007A 7B 07            [ 1]  143 	ld	a, (0x07, sp)
      00007C 4E               [ 1]  144 	swap	a
      00007D A4 F0            [ 1]  145 	and	a, #0xf0
      00007F 48               [ 1]  146 	sll	a
      000080 48               [ 1]  147 	sll	a
      000081 1A 03            [ 1]  148 	or	a, (0x03, sp)
      000083 AE 50 A0         [ 2]  149 	ldw	x, #0x50a0
      000086 F7               [ 1]  150 	ld	(x), a
                                    151 ;	libstm8s/src/stm8s_exti.c: 94: break;
      000087 20 11            [ 2]  152 	jra	00108$
                                    153 ;	libstm8s/src/stm8s_exti.c: 95: case EXTI_PORT_GPIOE:
      000089                        154 00105$:
                                    155 ;	libstm8s/src/stm8s_exti.c: 96: EXTI->CR2 &= (uint8_t)(~EXTI_CR2_PEIS);
      000089 AE 50 A1         [ 2]  156 	ldw	x, #0x50a1
      00008C F6               [ 1]  157 	ld	a, (x)
      00008D A4 FC            [ 1]  158 	and	a, #0xfc
      00008F F7               [ 1]  159 	ld	(x), a
                                    160 ;	libstm8s/src/stm8s_exti.c: 97: EXTI->CR2 |= (uint8_t)(SensitivityValue);
      000090 AE 50 A1         [ 2]  161 	ldw	x, #0x50a1
      000093 F6               [ 1]  162 	ld	a, (x)
      000094 1A 07            [ 1]  163 	or	a, (0x07, sp)
      000096 AE 50 A1         [ 2]  164 	ldw	x, #0x50a1
      000099 F7               [ 1]  165 	ld	(x), a
                                    166 ;	libstm8s/src/stm8s_exti.c: 101: }
      00009A                        167 00108$:
      00009A 5B 03            [ 2]  168 	addw	sp, #3
      00009C 81               [ 4]  169 	ret
                                    170 ;	libstm8s/src/stm8s_exti.c: 111: void EXTI_SetTLISensitivity(EXTI_TLISensitivity_TypeDef SensitivityValue)
                                    171 ;	-----------------------------------------
                                    172 ;	 function EXTI_SetTLISensitivity
                                    173 ;	-----------------------------------------
      00009D                        174 _EXTI_SetTLISensitivity:
                                    175 ;	libstm8s/src/stm8s_exti.c: 117: EXTI->CR2 &= (uint8_t)(~EXTI_CR2_TLIS);
      00009D AE 50 A1         [ 2]  176 	ldw	x, #0x50a1
      0000A0 F6               [ 1]  177 	ld	a, (x)
      0000A1 A4 FB            [ 1]  178 	and	a, #0xfb
      0000A3 F7               [ 1]  179 	ld	(x), a
                                    180 ;	libstm8s/src/stm8s_exti.c: 118: EXTI->CR2 |= (uint8_t)(SensitivityValue);
      0000A4 AE 50 A1         [ 2]  181 	ldw	x, #0x50a1
      0000A7 F6               [ 1]  182 	ld	a, (x)
      0000A8 1A 03            [ 1]  183 	or	a, (0x03, sp)
      0000AA AE 50 A1         [ 2]  184 	ldw	x, #0x50a1
      0000AD F7               [ 1]  185 	ld	(x), a
      0000AE 81               [ 4]  186 	ret
                                    187 ;	libstm8s/src/stm8s_exti.c: 126: EXTI_Sensitivity_TypeDef EXTI_GetExtIntSensitivity(EXTI_Port_TypeDef Port)
                                    188 ;	-----------------------------------------
                                    189 ;	 function EXTI_GetExtIntSensitivity
                                    190 ;	-----------------------------------------
      0000AF                        191 _EXTI_GetExtIntSensitivity:
                                    192 ;	libstm8s/src/stm8s_exti.c: 128: uint8_t value = 0;
      0000AF 4F               [ 1]  193 	clr	a
                                    194 ;	libstm8s/src/stm8s_exti.c: 133: switch (Port)
      0000B0 88               [ 1]  195 	push	a
      0000B1 7B 04            [ 1]  196 	ld	a, (0x04, sp)
      0000B3 A1 04            [ 1]  197 	cp	a, #0x04
      0000B5 84               [ 1]  198 	pop	a
      0000B6 22 43            [ 1]  199 	jrugt	00107$
      0000B8 5F               [ 1]  200 	clrw	x
      0000B9 7B 03            [ 1]  201 	ld	a, (0x03, sp)
      0000BB 97               [ 1]  202 	ld	xl, a
      0000BC 58               [ 2]  203 	sllw	x
      0000BD DEu00uC1         [ 2]  204 	ldw	x, (#00115$, x)
      0000C0 FC               [ 2]  205 	jp	(x)
      0000C1                        206 00115$:
      0000C1r00rCB                  207 	.dw	#00101$
      0000C3r00rD3                  208 	.dw	#00102$
      0000C5r00rDD                  209 	.dw	#00103$
      0000C7r00rE8                  210 	.dw	#00104$
      0000C9r00rF5                  211 	.dw	#00105$
                                    212 ;	libstm8s/src/stm8s_exti.c: 135: case EXTI_PORT_GPIOA:
      0000CB                        213 00101$:
                                    214 ;	libstm8s/src/stm8s_exti.c: 136: value = (uint8_t)(EXTI->CR1 & EXTI_CR1_PAIS);
      0000CB AE 50 A0         [ 2]  215 	ldw	x, #0x50a0
      0000CE F6               [ 1]  216 	ld	a, (x)
      0000CF A4 03            [ 1]  217 	and	a, #0x03
                                    218 ;	libstm8s/src/stm8s_exti.c: 137: break;
      0000D1 20 28            [ 2]  219 	jra	00107$
                                    220 ;	libstm8s/src/stm8s_exti.c: 138: case EXTI_PORT_GPIOB:
      0000D3                        221 00102$:
                                    222 ;	libstm8s/src/stm8s_exti.c: 139: value = (uint8_t)((uint8_t)(EXTI->CR1 & EXTI_CR1_PBIS) >> 2);
      0000D3 AE 50 A0         [ 2]  223 	ldw	x, #0x50a0
      0000D6 F6               [ 1]  224 	ld	a, (x)
      0000D7 A4 0C            [ 1]  225 	and	a, #0x0c
      0000D9 44               [ 1]  226 	srl	a
      0000DA 44               [ 1]  227 	srl	a
                                    228 ;	libstm8s/src/stm8s_exti.c: 140: break;
      0000DB 20 1E            [ 2]  229 	jra	00107$
                                    230 ;	libstm8s/src/stm8s_exti.c: 141: case EXTI_PORT_GPIOC:
      0000DD                        231 00103$:
                                    232 ;	libstm8s/src/stm8s_exti.c: 142: value = (uint8_t)((uint8_t)(EXTI->CR1 & EXTI_CR1_PCIS) >> 4);
      0000DD AE 50 A0         [ 2]  233 	ldw	x, #0x50a0
      0000E0 F6               [ 1]  234 	ld	a, (x)
      0000E1 A4 30            [ 1]  235 	and	a, #0x30
      0000E3 4E               [ 1]  236 	swap	a
      0000E4 A4 0F            [ 1]  237 	and	a, #0x0f
                                    238 ;	libstm8s/src/stm8s_exti.c: 143: break;
      0000E6 20 13            [ 2]  239 	jra	00107$
                                    240 ;	libstm8s/src/stm8s_exti.c: 144: case EXTI_PORT_GPIOD:
      0000E8                        241 00104$:
                                    242 ;	libstm8s/src/stm8s_exti.c: 145: value = (uint8_t)((uint8_t)(EXTI->CR1 & EXTI_CR1_PDIS) >> 6);
      0000E8 AE 50 A0         [ 2]  243 	ldw	x, #0x50a0
      0000EB F6               [ 1]  244 	ld	a, (x)
      0000EC A4 C0            [ 1]  245 	and	a, #0xc0
      0000EE 4E               [ 1]  246 	swap	a
      0000EF A4 0F            [ 1]  247 	and	a, #0x0f
      0000F1 44               [ 1]  248 	srl	a
      0000F2 44               [ 1]  249 	srl	a
                                    250 ;	libstm8s/src/stm8s_exti.c: 146: break;
      0000F3 20 06            [ 2]  251 	jra	00107$
                                    252 ;	libstm8s/src/stm8s_exti.c: 147: case EXTI_PORT_GPIOE:
      0000F5                        253 00105$:
                                    254 ;	libstm8s/src/stm8s_exti.c: 148: value = (uint8_t)(EXTI->CR2 & EXTI_CR2_PEIS);
      0000F5 AE 50 A1         [ 2]  255 	ldw	x, #0x50a1
      0000F8 F6               [ 1]  256 	ld	a, (x)
      0000F9 A4 03            [ 1]  257 	and	a, #0x03
                                    258 ;	libstm8s/src/stm8s_exti.c: 152: }
      0000FB                        259 00107$:
                                    260 ;	libstm8s/src/stm8s_exti.c: 154: return((EXTI_Sensitivity_TypeDef)value);
      0000FB 81               [ 4]  261 	ret
                                    262 ;	libstm8s/src/stm8s_exti.c: 162: EXTI_TLISensitivity_TypeDef EXTI_GetTLISensitivity(void)
                                    263 ;	-----------------------------------------
                                    264 ;	 function EXTI_GetTLISensitivity
                                    265 ;	-----------------------------------------
      0000FC                        266 _EXTI_GetTLISensitivity:
                                    267 ;	libstm8s/src/stm8s_exti.c: 167: value = (uint8_t)(EXTI->CR2 & EXTI_CR2_TLIS);
      0000FC AE 50 A1         [ 2]  268 	ldw	x, #0x50a1
      0000FF F6               [ 1]  269 	ld	a, (x)
      000100 A4 04            [ 1]  270 	and	a, #0x04
                                    271 ;	libstm8s/src/stm8s_exti.c: 169: return((EXTI_TLISensitivity_TypeDef)value);
      000102 81               [ 4]  272 	ret
                                    273 	.area CODE
                                    274 	.area INITIALIZER
                                    275 	.area CABS (ABS)
