                                      1 ;--------------------------------------------------------
                                      2 ; File Created by SDCC : free open source ANSI-C Compiler
                                      3 ; Version 3.5.0 #9253 (Apr  3 2018) (Linux)
                                      4 ; This file was generated Fri Sep 20 09:49:48 2019
                                      5 ;--------------------------------------------------------
                                      6 	.module stm8s_gpio
                                      7 	.optsdcc -mstm8
                                      8 	
                                      9 ;--------------------------------------------------------
                                     10 ; Public variables in this module
                                     11 ;--------------------------------------------------------
                                     12 	.globl _GPIO_DeInit
                                     13 	.globl _GPIO_Init
                                     14 	.globl _GPIO_Write
                                     15 	.globl _GPIO_WriteHigh
                                     16 	.globl _GPIO_WriteLow
                                     17 	.globl _GPIO_WriteReverse
                                     18 	.globl _GPIO_ReadOutputData
                                     19 	.globl _GPIO_ReadInputData
                                     20 	.globl _GPIO_ReadInputPin
                                     21 	.globl _GPIO_ExternalPullUpConfig
                                     22 ;--------------------------------------------------------
                                     23 ; ram data
                                     24 ;--------------------------------------------------------
                                     25 	.area DATA
                                     26 ;--------------------------------------------------------
                                     27 ; ram data
                                     28 ;--------------------------------------------------------
                                     29 	.area INITIALIZED
                                     30 ;--------------------------------------------------------
                                     31 ; absolute external ram data
                                     32 ;--------------------------------------------------------
                                     33 	.area DABS (ABS)
                                     34 ;--------------------------------------------------------
                                     35 ; global & static initialisations
                                     36 ;--------------------------------------------------------
                                     37 	.area HOME
                                     38 	.area GSINIT
                                     39 	.area GSFINAL
                                     40 	.area GSINIT
                                     41 ;--------------------------------------------------------
                                     42 ; Home
                                     43 ;--------------------------------------------------------
                                     44 	.area HOME
                                     45 	.area HOME
                                     46 ;--------------------------------------------------------
                                     47 ; code
                                     48 ;--------------------------------------------------------
                                     49 	.area CODE
                                     50 ;	libstm8s/src/stm8s_gpio.c: 53: void GPIO_DeInit(GPIO_TypeDef* GPIOx)
                                     51 ;	-----------------------------------------
                                     52 ;	 function GPIO_DeInit
                                     53 ;	-----------------------------------------
      000000                         54 _GPIO_DeInit:
      000000 89               [ 2]   55 	pushw	x
                                     56 ;	libstm8s/src/stm8s_gpio.c: 55: GPIOx->ODR = GPIO_ODR_RESET_VALUE; /* Reset Output Data Register */
      000001 16 05            [ 2]   57 	ldw	y, (0x05, sp)
      000003 17 01            [ 2]   58 	ldw	(0x01, sp), y
      000005 1E 01            [ 2]   59 	ldw	x, (0x01, sp)
      000007 7F               [ 1]   60 	clr	(x)
                                     61 ;	libstm8s/src/stm8s_gpio.c: 56: GPIOx->DDR = GPIO_DDR_RESET_VALUE; /* Reset Data Direction Register */
      000008 1E 01            [ 2]   62 	ldw	x, (0x01, sp)
      00000A 5C               [ 2]   63 	incw	x
      00000B 5C               [ 2]   64 	incw	x
      00000C 7F               [ 1]   65 	clr	(x)
                                     66 ;	libstm8s/src/stm8s_gpio.c: 57: GPIOx->CR1 = GPIO_CR1_RESET_VALUE; /* Reset Control Register 1 */
      00000D 1E 01            [ 2]   67 	ldw	x, (0x01, sp)
      00000F 1C 00 03         [ 2]   68 	addw	x, #0x0003
      000012 7F               [ 1]   69 	clr	(x)
                                     70 ;	libstm8s/src/stm8s_gpio.c: 58: GPIOx->CR2 = GPIO_CR2_RESET_VALUE; /* Reset Control Register 2 */
      000013 1E 01            [ 2]   71 	ldw	x, (0x01, sp)
      000015 1C 00 04         [ 2]   72 	addw	x, #0x0004
      000018 7F               [ 1]   73 	clr	(x)
      000019 85               [ 2]   74 	popw	x
      00001A 81               [ 4]   75 	ret
                                     76 ;	libstm8s/src/stm8s_gpio.c: 71: void GPIO_Init(GPIO_TypeDef* GPIOx, GPIO_Pin_TypeDef GPIO_Pin, GPIO_Mode_TypeDef GPIO_Mode)
                                     77 ;	-----------------------------------------
                                     78 ;	 function GPIO_Init
                                     79 ;	-----------------------------------------
      00001B                         80 _GPIO_Init:
      00001B 52 05            [ 2]   81 	sub	sp, #5
                                     82 ;	libstm8s/src/stm8s_gpio.c: 81: GPIOx->CR2 &= (uint8_t)(~(GPIO_Pin));
      00001D 16 08            [ 2]   83 	ldw	y, (0x08, sp)
      00001F 17 01            [ 2]   84 	ldw	(0x01, sp), y
      000021 1E 01            [ 2]   85 	ldw	x, (0x01, sp)
      000023 1C 00 04         [ 2]   86 	addw	x, #0x0004
      000026 1F 03            [ 2]   87 	ldw	(0x03, sp), x
      000028 1E 03            [ 2]   88 	ldw	x, (0x03, sp)
      00002A F6               [ 1]   89 	ld	a, (x)
      00002B 95               [ 1]   90 	ld	xh, a
      00002C 7B 0A            [ 1]   91 	ld	a, (0x0a, sp)
      00002E 43               [ 1]   92 	cpl	a
      00002F 6B 05            [ 1]   93 	ld	(0x05, sp), a
      000031 9E               [ 1]   94 	ld	a, xh
      000032 14 05            [ 1]   95 	and	a, (0x05, sp)
      000034 1E 03            [ 2]   96 	ldw	x, (0x03, sp)
      000036 F7               [ 1]   97 	ld	(x), a
                                     98 ;	libstm8s/src/stm8s_gpio.c: 98: GPIOx->DDR |= (uint8_t)GPIO_Pin;
      000037 1E 01            [ 2]   99 	ldw	x, (0x01, sp)
      000039 5C               [ 2]  100 	incw	x
      00003A 5C               [ 2]  101 	incw	x
                                    102 ;	libstm8s/src/stm8s_gpio.c: 87: if ((((uint8_t)(GPIO_Mode)) & (uint8_t)0x80) != (uint8_t)0x00) /* Output mode */
      00003B 0D 0B            [ 1]  103 	tnz	(0x0b, sp)
      00003D 2A 20            [ 1]  104 	jrpl	00105$
                                    105 ;	libstm8s/src/stm8s_gpio.c: 91: GPIOx->ODR |= (uint8_t)GPIO_Pin;
      00003F 16 01            [ 2]  106 	ldw	y, (0x01, sp)
      000041 90 F6            [ 1]  107 	ld	a, (y)
                                    108 ;	libstm8s/src/stm8s_gpio.c: 89: if ((((uint8_t)(GPIO_Mode)) & (uint8_t)0x10) != (uint8_t)0x00) /* High level */
      000043 88               [ 1]  109 	push	a
      000044 7B 0C            [ 1]  110 	ld	a, (0x0c, sp)
      000046 A5 10            [ 1]  111 	bcp	a, #0x10
      000048 84               [ 1]  112 	pop	a
      000049 27 08            [ 1]  113 	jreq	00102$
                                    114 ;	libstm8s/src/stm8s_gpio.c: 91: GPIOx->ODR |= (uint8_t)GPIO_Pin;
      00004B 1A 0A            [ 1]  115 	or	a, (0x0a, sp)
      00004D 16 01            [ 2]  116 	ldw	y, (0x01, sp)
      00004F 90 F7            [ 1]  117 	ld	(y), a
      000051 20 06            [ 2]  118 	jra	00103$
      000053                        119 00102$:
                                    120 ;	libstm8s/src/stm8s_gpio.c: 95: GPIOx->ODR &= (uint8_t)(~(GPIO_Pin));
      000053 14 05            [ 1]  121 	and	a, (0x05, sp)
      000055 16 01            [ 2]  122 	ldw	y, (0x01, sp)
      000057 90 F7            [ 1]  123 	ld	(y), a
      000059                        124 00103$:
                                    125 ;	libstm8s/src/stm8s_gpio.c: 98: GPIOx->DDR |= (uint8_t)GPIO_Pin;
      000059 F6               [ 1]  126 	ld	a, (x)
      00005A 1A 0A            [ 1]  127 	or	a, (0x0a, sp)
      00005C F7               [ 1]  128 	ld	(x), a
      00005D 20 04            [ 2]  129 	jra	00106$
      00005F                        130 00105$:
                                    131 ;	libstm8s/src/stm8s_gpio.c: 103: GPIOx->DDR &= (uint8_t)(~(GPIO_Pin));
      00005F F6               [ 1]  132 	ld	a, (x)
      000060 14 05            [ 1]  133 	and	a, (0x05, sp)
      000062 F7               [ 1]  134 	ld	(x), a
      000063                        135 00106$:
                                    136 ;	libstm8s/src/stm8s_gpio.c: 112: GPIOx->CR1 |= (uint8_t)GPIO_Pin;
      000063 1E 01            [ 2]  137 	ldw	x, (0x01, sp)
      000065 1C 00 03         [ 2]  138 	addw	x, #0x0003
                                    139 ;	libstm8s/src/stm8s_gpio.c: 110: if ((((uint8_t)(GPIO_Mode)) & (uint8_t)0x40) != (uint8_t)0x00) /* Pull-Up or Push-Pull */
      000068 7B 0B            [ 1]  140 	ld	a, (0x0b, sp)
      00006A A5 40            [ 1]  141 	bcp	a, #0x40
      00006C 27 06            [ 1]  142 	jreq	00108$
                                    143 ;	libstm8s/src/stm8s_gpio.c: 112: GPIOx->CR1 |= (uint8_t)GPIO_Pin;
      00006E F6               [ 1]  144 	ld	a, (x)
      00006F 1A 0A            [ 1]  145 	or	a, (0x0a, sp)
      000071 F7               [ 1]  146 	ld	(x), a
      000072 20 04            [ 2]  147 	jra	00109$
      000074                        148 00108$:
                                    149 ;	libstm8s/src/stm8s_gpio.c: 116: GPIOx->CR1 &= (uint8_t)(~(GPIO_Pin));
      000074 F6               [ 1]  150 	ld	a, (x)
      000075 14 05            [ 1]  151 	and	a, (0x05, sp)
      000077 F7               [ 1]  152 	ld	(x), a
      000078                        153 00109$:
                                    154 ;	libstm8s/src/stm8s_gpio.c: 123: if ((((uint8_t)(GPIO_Mode)) & (uint8_t)0x20) != (uint8_t)0x00) /* Interrupt or Slow slope */
      000078 7B 0B            [ 1]  155 	ld	a, (0x0b, sp)
      00007A A5 20            [ 1]  156 	bcp	a, #0x20
      00007C 27 0A            [ 1]  157 	jreq	00111$
                                    158 ;	libstm8s/src/stm8s_gpio.c: 125: GPIOx->CR2 |= (uint8_t)GPIO_Pin;
      00007E 1E 03            [ 2]  159 	ldw	x, (0x03, sp)
      000080 F6               [ 1]  160 	ld	a, (x)
      000081 1A 0A            [ 1]  161 	or	a, (0x0a, sp)
      000083 1E 03            [ 2]  162 	ldw	x, (0x03, sp)
      000085 F7               [ 1]  163 	ld	(x), a
      000086 20 08            [ 2]  164 	jra	00113$
      000088                        165 00111$:
                                    166 ;	libstm8s/src/stm8s_gpio.c: 129: GPIOx->CR2 &= (uint8_t)(~(GPIO_Pin));
      000088 1E 03            [ 2]  167 	ldw	x, (0x03, sp)
      00008A F6               [ 1]  168 	ld	a, (x)
      00008B 14 05            [ 1]  169 	and	a, (0x05, sp)
      00008D 1E 03            [ 2]  170 	ldw	x, (0x03, sp)
      00008F F7               [ 1]  171 	ld	(x), a
      000090                        172 00113$:
      000090 5B 05            [ 2]  173 	addw	sp, #5
      000092 81               [ 4]  174 	ret
                                    175 ;	libstm8s/src/stm8s_gpio.c: 141: void GPIO_Write(GPIO_TypeDef* GPIOx, uint8_t PortVal)
                                    176 ;	-----------------------------------------
                                    177 ;	 function GPIO_Write
                                    178 ;	-----------------------------------------
      000093                        179 _GPIO_Write:
                                    180 ;	libstm8s/src/stm8s_gpio.c: 143: GPIOx->ODR = PortVal;
      000093 1E 03            [ 2]  181 	ldw	x, (0x03, sp)
      000095 7B 05            [ 1]  182 	ld	a, (0x05, sp)
      000097 F7               [ 1]  183 	ld	(x), a
      000098 81               [ 4]  184 	ret
                                    185 ;	libstm8s/src/stm8s_gpio.c: 154: void GPIO_WriteHigh(GPIO_TypeDef* GPIOx, GPIO_Pin_TypeDef PortPins)
                                    186 ;	-----------------------------------------
                                    187 ;	 function GPIO_WriteHigh
                                    188 ;	-----------------------------------------
      000099                        189 _GPIO_WriteHigh:
                                    190 ;	libstm8s/src/stm8s_gpio.c: 156: GPIOx->ODR |= (uint8_t)PortPins;
      000099 1E 03            [ 2]  191 	ldw	x, (0x03, sp)
      00009B F6               [ 1]  192 	ld	a, (x)
      00009C 1A 05            [ 1]  193 	or	a, (0x05, sp)
      00009E F7               [ 1]  194 	ld	(x), a
      00009F 81               [ 4]  195 	ret
                                    196 ;	libstm8s/src/stm8s_gpio.c: 167: void GPIO_WriteLow(GPIO_TypeDef* GPIOx, GPIO_Pin_TypeDef PortPins)
                                    197 ;	-----------------------------------------
                                    198 ;	 function GPIO_WriteLow
                                    199 ;	-----------------------------------------
      0000A0                        200 _GPIO_WriteLow:
      0000A0 88               [ 1]  201 	push	a
                                    202 ;	libstm8s/src/stm8s_gpio.c: 169: GPIOx->ODR &= (uint8_t)(~PortPins);
      0000A1 1E 04            [ 2]  203 	ldw	x, (0x04, sp)
      0000A3 F6               [ 1]  204 	ld	a, (x)
      0000A4 6B 01            [ 1]  205 	ld	(0x01, sp), a
      0000A6 7B 06            [ 1]  206 	ld	a, (0x06, sp)
      0000A8 43               [ 1]  207 	cpl	a
      0000A9 14 01            [ 1]  208 	and	a, (0x01, sp)
      0000AB F7               [ 1]  209 	ld	(x), a
      0000AC 84               [ 1]  210 	pop	a
      0000AD 81               [ 4]  211 	ret
                                    212 ;	libstm8s/src/stm8s_gpio.c: 180: void GPIO_WriteReverse(GPIO_TypeDef* GPIOx, GPIO_Pin_TypeDef PortPins)
                                    213 ;	-----------------------------------------
                                    214 ;	 function GPIO_WriteReverse
                                    215 ;	-----------------------------------------
      0000AE                        216 _GPIO_WriteReverse:
                                    217 ;	libstm8s/src/stm8s_gpio.c: 182: GPIOx->ODR ^= (uint8_t)PortPins;
      0000AE 1E 03            [ 2]  218 	ldw	x, (0x03, sp)
      0000B0 F6               [ 1]  219 	ld	a, (x)
      0000B1 18 05            [ 1]  220 	xor	a, (0x05, sp)
      0000B3 F7               [ 1]  221 	ld	(x), a
      0000B4 81               [ 4]  222 	ret
                                    223 ;	libstm8s/src/stm8s_gpio.c: 191: uint8_t GPIO_ReadOutputData(GPIO_TypeDef* GPIOx)
                                    224 ;	-----------------------------------------
                                    225 ;	 function GPIO_ReadOutputData
                                    226 ;	-----------------------------------------
      0000B5                        227 _GPIO_ReadOutputData:
                                    228 ;	libstm8s/src/stm8s_gpio.c: 193: return ((uint8_t)GPIOx->ODR);
      0000B5 1E 03            [ 2]  229 	ldw	x, (0x03, sp)
      0000B7 F6               [ 1]  230 	ld	a, (x)
      0000B8 81               [ 4]  231 	ret
                                    232 ;	libstm8s/src/stm8s_gpio.c: 202: uint8_t GPIO_ReadInputData(GPIO_TypeDef* GPIOx)
                                    233 ;	-----------------------------------------
                                    234 ;	 function GPIO_ReadInputData
                                    235 ;	-----------------------------------------
      0000B9                        236 _GPIO_ReadInputData:
                                    237 ;	libstm8s/src/stm8s_gpio.c: 204: return ((uint8_t)GPIOx->IDR);
      0000B9 1E 03            [ 2]  238 	ldw	x, (0x03, sp)
      0000BB E6 01            [ 1]  239 	ld	a, (0x1, x)
      0000BD 81               [ 4]  240 	ret
                                    241 ;	libstm8s/src/stm8s_gpio.c: 213: BitStatus GPIO_ReadInputPin(GPIO_TypeDef* GPIOx, GPIO_Pin_TypeDef GPIO_Pin)
                                    242 ;	-----------------------------------------
                                    243 ;	 function GPIO_ReadInputPin
                                    244 ;	-----------------------------------------
      0000BE                        245 _GPIO_ReadInputPin:
                                    246 ;	libstm8s/src/stm8s_gpio.c: 215: return ((BitStatus)(GPIOx->IDR & (uint8_t)GPIO_Pin));
      0000BE 1E 03            [ 2]  247 	ldw	x, (0x03, sp)
      0000C0 E6 01            [ 1]  248 	ld	a, (0x1, x)
      0000C2 14 05            [ 1]  249 	and	a, (0x05, sp)
      0000C4 81               [ 4]  250 	ret
                                    251 ;	libstm8s/src/stm8s_gpio.c: 225: void GPIO_ExternalPullUpConfig(GPIO_TypeDef* GPIOx, GPIO_Pin_TypeDef GPIO_Pin, FunctionalState NewState)
                                    252 ;	-----------------------------------------
                                    253 ;	 function GPIO_ExternalPullUpConfig
                                    254 ;	-----------------------------------------
      0000C5                        255 _GPIO_ExternalPullUpConfig:
      0000C5 88               [ 1]  256 	push	a
                                    257 ;	libstm8s/src/stm8s_gpio.c: 233: GPIOx->CR1 |= (uint8_t)GPIO_Pin;
      0000C6 1E 04            [ 2]  258 	ldw	x, (0x04, sp)
      0000C8 1C 00 03         [ 2]  259 	addw	x, #0x0003
                                    260 ;	libstm8s/src/stm8s_gpio.c: 231: if (NewState != DISABLE) /* External Pull-Up Set*/
      0000CB 0D 07            [ 1]  261 	tnz	(0x07, sp)
      0000CD 27 06            [ 1]  262 	jreq	00102$
                                    263 ;	libstm8s/src/stm8s_gpio.c: 233: GPIOx->CR1 |= (uint8_t)GPIO_Pin;
      0000CF F6               [ 1]  264 	ld	a, (x)
      0000D0 1A 06            [ 1]  265 	or	a, (0x06, sp)
      0000D2 F7               [ 1]  266 	ld	(x), a
      0000D3 20 09            [ 2]  267 	jra	00104$
      0000D5                        268 00102$:
                                    269 ;	libstm8s/src/stm8s_gpio.c: 236: GPIOx->CR1 &= (uint8_t)(~(GPIO_Pin));
      0000D5 F6               [ 1]  270 	ld	a, (x)
      0000D6 6B 01            [ 1]  271 	ld	(0x01, sp), a
      0000D8 7B 06            [ 1]  272 	ld	a, (0x06, sp)
      0000DA 43               [ 1]  273 	cpl	a
      0000DB 14 01            [ 1]  274 	and	a, (0x01, sp)
      0000DD F7               [ 1]  275 	ld	(x), a
      0000DE                        276 00104$:
      0000DE 84               [ 1]  277 	pop	a
      0000DF 81               [ 4]  278 	ret
                                    279 	.area CODE
                                    280 	.area INITIALIZER
                                    281 	.area CABS (ABS)
